\BOOKMARK [0][-]{chapter.1}{The Conceptualisation}{}% 1
\BOOKMARK [1][-]{section.1.1}{Common core}{chapter.1}% 2
\BOOKMARK [1][-]{section.1.2}{Three streams theory}{chapter.1}% 3
\BOOKMARK [1][-]{section.1.3}{The advocacy framework coalition}{chapter.1}% 4
\BOOKMARK [1][-]{section.1.4}{Feedback theory}{chapter.1}% 5
\BOOKMARK [1][-]{section.1.5}{Diffusion theory}{chapter.1}% 6
\BOOKMARK [0][-]{chapter.2}{The Formalisation}{}% 7
\BOOKMARK [1][-]{section.2.1}{Common core}{chapter.2}% 8
\BOOKMARK [1][-]{section.2.2}{Three streams theory}{chapter.2}% 9
\BOOKMARK [1][-]{section.2.3}{The advocacy framework coalition}{chapter.2}% 10
\BOOKMARK [1][-]{section.2.4}{Feedback theory}{chapter.2}% 11
\BOOKMARK [1][-]{section.2.5}{Diffusion theory}{chapter.2}% 12
\BOOKMARK [0][-]{chapter.3}{Technical Model Formalisation}{}% 13
\BOOKMARK [1][-]{section.3.1}{Calculation of the states}{chapter.3}% 14
\BOOKMARK [1][-]{section.3.2}{The policy instruments}{chapter.3}% 15
\BOOKMARK [0][-]{chapter.4}{The Model Parameters}{}% 16
\BOOKMARK [1][-]{section.4.1}{For the technical model}{chapter.4}% 17
\BOOKMARK [1][-]{section.4.2}{For the technical-emergence bridge}{chapter.4}% 18
\BOOKMARK [1][-]{section.4.3}{For the policy emergence model}{chapter.4}% 19
\BOOKMARK [0][-]{chapter.5}{Verification}{}% 20
\BOOKMARK [1][-]{section.5.1}{The belief hierarchy}{chapter.5}% 21
\BOOKMARK [1][-]{section.5.2}{The individual actions selection and grading}{chapter.5}% 22
\BOOKMARK [1][-]{section.5.3}{The team algorithms}{chapter.5}% 23
\BOOKMARK [1][-]{section.5.4}{The coalition algorithms}{chapter.5}% 24
\BOOKMARK [1][-]{section.5.5}{The teams actions selection and grading}{chapter.5}% 25
\BOOKMARK [1][-]{section.5.6}{The coalitions actions selection and grading}{chapter.5}% 26
\BOOKMARK [1][-]{section.5.7}{The awareness decay}{chapter.5}% 27
\BOOKMARK [1][-]{section.5.8}{The initialisation}{chapter.5}% 28
\BOOKMARK [1][-]{section.5.9}{The data collection}{chapter.5}% 29
\BOOKMARK [0][-]{chapter.6}{Further Work}{}% 30
\BOOKMARK [0][-]{chapter.7}{Policy Making Theories Concepts}{}% 31
\BOOKMARK [0][-]{chapter*.6}{Bibliography}{}% 32
